#
# A fatal error has been detected by the Java Runtime Environment:
#
#  EXCEPTION_ACCESS_VIOLATION (0xc0000005) at pc=0x00000000036c0a37, pid=11332, tid=0x0000000000002ec0
#
# JRE version: Java(TM) SE Runtime Environment (8.0_161-b12) (build 1.8.0_161-b12)
# Java VM: Java HotSpot(TM) 64-Bit Server VM (25.161-b12 mixed mode windows-amd64 compressed oops)
# Problematic frame:
# J 11016 C2 org.mapdb.StoreDirect.indexValGet(J)J (46 bytes) @ 0x00000000036c0a37 [0x00000000036c0800+0x237]
#
# Failed to write core dump. Minidumps are not enabled by default on client versions of Windows
#
# If you would like to submit a bug report, please visit:
#   http://bugreport.java.com/bugreport/crash.jsp
#

---------------  T H R E A D  ---------------

Current thread (0x000000004d39d800):  JavaThread "pool-1-thread-4" [_thread_in_Java, id=11968, stack(0x0000000057970000,0x0000000057a70000)]

siginfo: ExceptionCode=0xc0000005, reading address 0x00000000587e5948

Registers:
RAX=0xac9cac9cac955948, RBX=0x0000000000000001, RCX=0x00000000586a1db4, RDX=0x0000000000075354
RSP=0x0000000057a6e890, RBP=0x0000000000000000, RSI=0x0000000000015948, RDI=0x00000002c355b578
R8 =0x00000002c350eda0, R9 =0x0000000000000000, R10=0x0000000000015948, R11=0x00000000587d0000
R12=0x0000000000000000, R13=0x0000000000000000, R14=0x00000007c003cc48, R15=0x000000004d39d800
RIP=0x00000000036c0a37, EFLAGS=0x0000000000010202

Top of Stack: (sp=0x0000000057a6e890)
0x0000000057a6e890:   0000000000000000 000000005820f7e0
0x0000000057a6e8a0:   01020000001d9912 00000002c355b578
0x0000000057a6e8b0:   00000006408cce98 00000002c3916b40
0x0000000057a6e8c0:   00000000000008e5 0000000000000000
0x0000000057a6e8d0:   00000000586a7117 00000000028f992c
0x0000000057a6e8e0:   00000006408c29d0 0000000002992aa4
0x0000000057a6e8f0:   0000000000000000 000000005822ed18
0x0000000057a6e900:   00b9000000195ed2 00000002c3538900
0x0000000057a6e910:   00000002c3595f98 00000002000000b9
0x0000000057a6e920:   00000000f8007989 000000000000000c
0x0000000057a6e930:   00000000586a7117 00000002c3581b68
0x0000000057a6e940:   0000000000001b1e 00000002c3538900
0x0000000057a6e950:   00000002c34fcdf8 000000020000000e
0x0000000057a6e960:   00000002c3595f98 0000000200000102
0x0000000057a6e970:   00000000586a7117 0000000004289654
0x0000000057a6e980:   00000000586a7117 00000000028f9a84 

Instructions: (pc=0x00000000036c0a37)
0x00000000036c0a17:   f6 00 00 00 41 8b 68 1c 41 2b ea 83 fd 08 0f 8c
0x00000000036c0a27:   8e 01 00 00 4d 8b 58 10 41 0f b6 68 2a 4d 63 d2
0x00000000036c0a37:   4b 8b 04 13 85 ed 0f 85 8e 01 00 00 48 0f c8 48
0x00000000036c0a47:   85 c0 0f 84 92 01 00 00 f3 4c 0f b8 d8 41 8b eb 


Register to memory mapping:

RAX=0xac9cac9cac955948 is an unknown value
RBX=0x0000000000000001 is an unknown value
RCX=0x00000000586a1db4 is pointing into the stack for thread: 0x000000004d394000
RDX=0x0000000000075354 is an unknown value
RSP=0x0000000057a6e890 is pointing into the stack for thread: 0x000000004d39d800
RBP=0x0000000000000000 is an unknown value
RSI=0x0000000000015948 is an unknown value
RDI=0x00000002c355b578 is an oop
org.mapdb.Volume$MappedFileVol 
 - klass: 'org/mapdb/Volume$MappedFileVol'
R8 =0x00000002c350eda0 is an oop
java.nio.DirectByteBuffer 
 - klass: 'java/nio/DirectByteBuffer'
R9 =0x0000000000000000 is an unknown value
R10=0x0000000000015948 is an unknown value
R11=0x00000000587d0000 is pointing into the stack for thread: 0x000000004d396000
R12=0x0000000000000000 is an unknown value
R13=0x0000000000000000 is an unknown value
R14=0x00000007c003cc48 is pointing into metadata
R15=0x000000004d39d800 is a thread


Stack: [0x0000000057970000,0x0000000057a70000],  sp=0x0000000057a6e890,  free space=1018k
Native frames: (J=compiled Java code, j=interpreted, Vv=VM code, C=native code)


---------------  P R O C E S S  ---------------

Java Threads: ( => current thread )
  0x000000004a125000 JavaThread "pool-1-thread-14" [_thread_blocked, id=14416, stack(0x000000005ba80000,0x000000005bb80000)]
  0x000000004a122800 JavaThread "pool-1-thread-13" [_thread_blocked, id=2432, stack(0x000000005b680000,0x000000005b780000)]
  0x000000004a127000 JavaThread "pool-1-thread-12" [_thread_blocked, id=6996, stack(0x000000005d420000,0x000000005d520000)]
  0x000000004d3a0800 JavaThread "pool-1-thread-11" [_thread_blocked, id=3852, stack(0x000000005b980000,0x000000005ba80000)]
  0x000000004a122000 JavaThread "pool-1-thread-10" [_thread_blocked, id=12540, stack(0x000000005b880000,0x000000005b980000)]
  0x000000004a124000 JavaThread "pool-1-thread-9" [_thread_blocked, id=944, stack(0x000000005b780000,0x000000005b880000)]
  0x000000004a11f800 JavaThread "pool-1-thread-8" [_thread_blocked, id=13316, stack(0x000000005b4b0000,0x000000005b5b0000)]
  0x000000004d397000 JavaThread "pool-1-thread-7" [_thread_blocked, id=15028, stack(0x000000005b330000,0x000000005b430000)]
  0x000000004d399000 JavaThread "pool-1-thread-6" [_thread_blocked, id=12172, stack(0x0000000058fd0000,0x00000000590d0000)]
  0x000000004380c800 JavaThread "pool-1-thread-5" [_thread_blocked, id=15856, stack(0x0000000058ed0000,0x0000000058fd0000)]
=>0x000000004d39d800 JavaThread "pool-1-thread-4" [_thread_in_Java, id=11968, stack(0x0000000057970000,0x0000000057a70000)]
  0x000000004d39e800 JavaThread "pool-1-thread-3" [_thread_blocked, id=16100, stack(0x00000000506a0000,0x00000000507a0000)]
  0x000000004d3a0000 JavaThread "pool-1-thread-2" [_thread_blocked, id=644, stack(0x00000000505a0000,0x00000000506a0000)]
  0x000000004d39b800 JavaThread "IvM chain thread" [_thread_blocked, id=16940, stack(0x0000000050060000,0x0000000050160000)]
  0x000000004d39f000 JavaThread "IvM rendering thread" [_thread_blocked, id=7936, stack(0x000000004ff60000,0x0000000050060000)]
  0x000000004d39d000 JavaThread "SwingWorker-pool-5-thread-1" daemon [_thread_blocked, id=7664, stack(0x00000000580d0000,0x00000000581d0000)]
  0x000000004d396000 JavaThread "XESLiteDB-0-Worker-Thread-3" daemon [_thread_blocked, id=8752, stack(0x00000000586d0000,0x00000000587d0000)]
  0x000000004d394000 JavaThread "XESLiteDB-0-Worker-Thread-2" daemon [_thread_blocked, id=15664, stack(0x00000000585d0000,0x00000000586d0000)]
  0x000000004d398800 JavaThread "XESLiteDB-0-Worker-Thread-1" daemon [_thread_blocked, id=16752, stack(0x00000000584d0000,0x00000000585d0000)]
  0x000000004d39a800 JavaThread "XESLiteDB-0-Worker-Thread-0" daemon [_thread_blocked, id=10852, stack(0x00000000583d0000,0x00000000584d0000)]
  0x000000004d394800 JavaThread "pool-1-thread-1" [_thread_blocked, id=13456, stack(0x0000000057fd0000,0x00000000580d0000)]
  0x000000004380c000 JavaThread "DestroyJavaVM" [_thread_blocked, id=2928, stack(0x00000000024c0000,0x00000000025c0000)]
  0x0000000043809000 JavaThread "Java2D Queue Flusher" daemon [_thread_blocked, id=7188, stack(0x0000000049130000,0x0000000049230000)]
  0x000000004380a800 JavaThread "TimerQueue" daemon [_thread_blocked, id=10972, stack(0x0000000048b30000,0x0000000048c30000)]
  0x000000004380e000 JavaThread "AWT-EventQueue-0" [_thread_blocked, id=18308, stack(0x0000000047390000,0x0000000047490000)]
  0x000000004380f000 JavaThread "AWT-Shutdown" [_thread_blocked, id=9988, stack(0x0000000047150000,0x0000000047250000)]
  0x0000000046d8d000 JavaThread "Java2D Disposer" daemon [_thread_blocked, id=10304, stack(0x0000000047290000,0x0000000047390000)]
  0x000000004382b800 JavaThread "Service Thread" daemon [_thread_blocked, id=8632, stack(0x00000000443f0000,0x00000000444f0000)]
  0x0000000043809800 JavaThread "C1 CompilerThread3" daemon [_thread_blocked, id=11340, stack(0x00000000442f0000,0x00000000443f0000)]
  0x0000000043803000 JavaThread "C2 CompilerThread2" daemon [_thread_in_native, id=9160, stack(0x00000000441f0000,0x00000000442f0000)]
  0x0000000043800000 JavaThread "C2 CompilerThread1" daemon [_thread_in_vm, id=15788, stack(0x00000000440f0000,0x00000000441f0000)]
  0x00000000437fa800 JavaThread "C2 CompilerThread0" daemon [_thread_in_native, id=5772, stack(0x0000000043ff0000,0x00000000440f0000)]
  0x00000000437f3000 JavaThread "Attach Listener" daemon [_thread_blocked, id=3444, stack(0x0000000043ef0000,0x0000000043ff0000)]
  0x00000000437f2000 JavaThread "Signal Dispatcher" daemon [_thread_blocked, id=10680, stack(0x0000000043df0000,0x0000000043ef0000)]
  0x00000000418c9000 JavaThread "Finalizer" daemon [_thread_blocked, id=16844, stack(0x0000000043bc0000,0x0000000043cc0000)]
  0x00000000418c0000 JavaThread "Reference Handler" daemon [_thread_blocked, id=11324, stack(0x00000000436c0000,0x00000000437c0000)]

Other Threads:
  0x00000000418b9800 VMThread [stack: 0x00000000435c0000,0x00000000436c0000] [id=8936]
  0x000000004382e000 WatcherThread [stack: 0x00000000444f0000,0x00000000445f0000] [id=1792]

VM state:not at safepoint (normal execution)

VM Mutex/Monitor currently owned by a thread: None

Heap:
 PSYoungGen      total 1963008K, used 762320K [0x0000000615580000, 0x0000000691180000, 0x00000007c0000000)
  eden space 1932288K, 39% used [0x0000000615580000,0x0000000643c47020,0x000000068b480000)
  from space 30720K, 5% used [0x000000068b480000,0x000000068b62d1b0,0x000000068d280000)
  to   space 29696K, 0% used [0x000000068f480000,0x000000068f480000,0x0000000691180000)
 ParOldGen       total 183808K, used 72528K [0x00000002c0000000, 0x00000002cb380000, 0x0000000615580000)
  object space 183808K, 39% used [0x00000002c0000000,0x00000002c46d4138,0x00000002cb380000)
 Metaspace       used 56741K, capacity 57122K, committed 57640K, reserved 1099776K
  class space    used 7979K, capacity 8137K, committed 8240K, reserved 1048576K

Card table byte_map: [0x0000000011a80000,0x0000000014290000] byte_map_base: 0x0000000010480000

Marking Bits: (ParMarkBitMap*) 0x0000000055a0f860
 Begin Bits: [0x0000000016540000, 0x000000002a540000)
 End Bits:   [0x000000002a540000, 0x000000003e540000)

Polling page: 0x0000000002410000

CodeCache: size=245760Kb used=28278Kb max_used=28782Kb free=217481Kb
 bounds [0x00000000026c0000, 0x0000000004330000, 0x00000000116c0000]
 total_blobs=9070 nmethods=7963 adapters=1014
 compilation: enabled

Compilation events (10 events):
Event: 59.687 Thread 0x0000000043809800 11066       3       org.mapdb.DataIO$DataInputByteArray::readChar (46 bytes)
Event: 59.687 Thread 0x0000000043809800 nmethod 11066 0x0000000002f35d90 code [0x0000000002f35ee0, 0x0000000002f360b0]
Event: 59.687 Thread 0x0000000043809800 11068       3       org.mapdb.BTreeMap$NodeSerializer::deserializeLeaf (90 bytes)
Event: 59.687 Thread 0x00000000437fa800 nmethod 11034 0x0000000003713c50 code [0x0000000003713ee0, 0x00000000037149a0]
Event: 59.687 Thread 0x00000000437fa800 11055 %     4       org.mapdb.CompressLZF::expand @ 138 (171 bytes)
Event: 59.687 Thread 0x0000000043809800 nmethod 11068 0x000000000299fc90 code [0x000000000299fe60, 0x00000000029a0588]
Event: 59.689 Thread 0x0000000043800000 nmethod 11052% 0x000000000380ef10 code [0x000000000380f060, 0x000000000380f458]
Event: 59.689 Thread 0x0000000043800000 11056       4       java.nio.ByteBuffer::get (54 bytes)
Event: 59.691 Thread 0x0000000043800000 nmethod 11056 0x000000000376e850 code [0x000000000376e9a0, 0x000000000376ebf8]
Event: 59.691 Thread 0x0000000043800000 11070 %     4       org.mapdb.DataIO$DataInputByteArray::unpackLongArrayDeltaCompression @ 21 (84 bytes)

GC Heap History (10 events):
Event: 49.386 GC heap before
{Heap before GC invocations=33 (full 2):
 PSYoungGen      total 1860608K, used 1842150K [0x0000000615580000, 0x0000000689880000, 0x00000007c0000000)
  eden space 1839104K, 100% used [0x0000000615580000,0x0000000685980000,0x0000000685980000)
  from space 21504K, 14% used [0x0000000688380000,0x0000000688679aa0,0x0000000689880000)
  to   space 32256K, 0% used [0x0000000685980000,0x0000000685980000,0x0000000687900000)
 ParOldGen       total 183808K, used 72360K [0x00000002c0000000, 0x00000002cb380000, 0x0000000615580000)
  object space 183808K, 39% used [0x00000002c0000000,0x00000002c46aa138,0x00000002cb380000)
 Metaspace       used 56489K, capacity 56898K, committed 57256K, reserved 1097728K
  class space    used 7967K, capacity 8105K, committed 8112K, reserved 1048576K
Event: 49.388 GC heap after
Heap after GC invocations=33 (full 2):
 PSYoungGen      total 1871360K, used 1795K [0x0000000615580000, 0x000000068d480000, 0x00000007c0000000)
  eden space 1839104K, 0% used [0x0000000615580000,0x0000000615580000,0x0000000685980000)
  from space 32256K, 5% used [0x0000000685980000,0x0000000685b40ec0,0x0000000687900000)
  to   space 32256K, 0% used [0x000000068b500000,0x000000068b500000,0x000000068d480000)
 ParOldGen       total 183808K, used 72400K [0x00000002c0000000, 0x00000002cb380000, 0x0000000615580000)
  object space 183808K, 39% used [0x00000002c0000000,0x00000002c46b4138,0x00000002cb380000)
 Metaspace       used 56489K, capacity 56898K, committed 57256K, reserved 1097728K
  class space    used 7967K, capacity 8105K, committed 8112K, reserved 1048576K
}
Event: 51.648 GC heap before
{Heap before GC invocations=34 (full 2):
 PSYoungGen      total 1871360K, used 1840899K [0x0000000615580000, 0x000000068d480000, 0x00000007c0000000)
  eden space 1839104K, 100% used [0x0000000615580000,0x0000000685980000,0x0000000685980000)
  from space 32256K, 5% used [0x0000000685980000,0x0000000685b40ec0,0x0000000687900000)
  to   space 32256K, 0% used [0x000000068b500000,0x000000068b500000,0x000000068d480000)
 ParOldGen       total 183808K, used 72400K [0x00000002c0000000, 0x00000002cb380000, 0x0000000615580000)
  object space 183808K, 39% used [0x00000002c0000000,0x00000002c46b4138,0x00000002cb380000)
 Metaspace       used 56505K, capacity 56898K, committed 57256K, reserved 1097728K
  class space    used 7967K, capacity 8105K, committed 8112K, reserved 1048576K
Event: 51.651 GC heap after
Heap after GC invocations=34 (full 2):
 PSYoungGen      total 1917440K, used 2981K [0x0000000615580000, 0x000000068cc80000, 0x00000007c0000000)
  eden space 1893376K, 0% used [0x0000000615580000,0x0000000615580000,0x0000000688e80000)
  from space 24064K, 12% used [0x000000068b500000,0x000000068b7e97a0,0x000000068cc80000)
  to   space 31744K, 0% used [0x0000000688e80000,0x0000000688e80000,0x000000068ad80000)
 ParOldGen       total 183808K, used 72424K [0x00000002c0000000, 0x00000002cb380000, 0x0000000615580000)
  object space 183808K, 39% used [0x00000002c0000000,0x00000002c46ba138,0x00000002cb380000)
 Metaspace       used 56505K, capacity 56898K, committed 57256K, reserved 1097728K
  class space    used 7967K, capacity 8105K, committed 8112K, reserved 1048576K
}
Event: 53.962 GC heap before
{Heap before GC invocations=35 (full 2):
 PSYoungGen      total 1917440K, used 1896357K [0x0000000615580000, 0x000000068cc80000, 0x00000007c0000000)
  eden space 1893376K, 100% used [0x0000000615580000,0x0000000688e80000,0x0000000688e80000)
  from space 24064K, 12% used [0x000000068b500000,0x000000068b7e97a0,0x000000068cc80000)
  to   space 31744K, 0% used [0x0000000688e80000,0x0000000688e80000,0x000000068ad80000)
 ParOldGen       total 183808K, used 72424K [0x00000002c0000000, 0x00000002cb380000, 0x0000000615580000)
  object space 183808K, 39% used [0x00000002c0000000,0x00000002c46ba138,0x00000002cb380000)
 Metaspace       used 56528K, capacity 56962K, committed 57512K, reserved 1099776K
  class space    used 7967K, capacity 8105K, committed 8112K, reserved 1048576K
Event: 53.965 GC heap after
Heap after GC invocations=35 (full 2):
 PSYoungGen      total 1925120K, used 1762K [0x0000000615580000, 0x000000068f580000, 0x00000007c0000000)
  eden space 1893376K, 0% used [0x0000000615580000,0x0000000615580000,0x0000000688e80000)
  from space 31744K, 5% used [0x0000000688e80000,0x0000000689038be0,0x000000068ad80000)
  to   space 31232K, 0% used [0x000000068d700000,0x000000068d700000,0x000000068f580000)
 ParOldGen       total 183808K, used 72464K [0x00000002c0000000, 0x00000002cb380000, 0x0000000615580000)
  object space 183808K, 39% used [0x00000002c0000000,0x00000002c46c4138,0x00000002cb380000)
 Metaspace       used 56528K, capacity 56962K, committed 57512K, reserved 1099776K
  class space    used 7967K, capacity 8105K, committed 8112K, reserved 1048576K
}
Event: 56.294 GC heap before
{Heap before GC invocations=36 (full 2):
 PSYoungGen      total 1925120K, used 1895138K [0x0000000615580000, 0x000000068f580000, 0x00000007c0000000)
  eden space 1893376K, 100% used [0x0000000615580000,0x0000000688e80000,0x0000000688e80000)
  from space 31744K, 5% used [0x0000000688e80000,0x0000000689038be0,0x000000068ad80000)
  to   space 31232K, 0% used [0x000000068d700000,0x000000068d700000,0x000000068f580000)
 ParOldGen       total 183808K, used 72464K [0x00000002c0000000, 0x00000002cb380000, 0x0000000615580000)
  object space 183808K, 39% used [0x00000002c0000000,0x00000002c46c4138,0x00000002cb380000)
 Metaspace       used 56558K, capacity 56962K, committed 57512K, reserved 1099776K
  class space    used 7967K, capacity 8105K, committed 8112K, reserved 1048576K
Event: 56.296 GC heap after
Heap after GC invocations=36 (full 2):
 PSYoungGen      total 1958400K, used 1745K [0x0000000615580000, 0x000000068f080000, 0x00000007c0000000)
  eden space 1932288K, 0% used [0x0000000615580000,0x0000000615580000,0x000000068b480000)
  from space 26112K, 6% used [0x000000068d700000,0x000000068d8b45f0,0x000000068f080000)
  to   space 30720K, 0% used [0x000000068b480000,0x000000068b480000,0x000000068d280000)
 ParOldGen       total 183808K, used 72504K [0x00000002c0000000, 0x00000002cb380000, 0x0000000615580000)
  object space 183808K, 39% used [0x00000002c0000000,0x00000002c46ce138,0x00000002cb380000)
 Metaspace       used 56558K, capacity 56962K, committed 57512K, reserved 1099776K
  class space    used 7967K, capacity 8105K, committed 8112K, reserved 1048576K
}
Event: 58.680 GC heap before
{Heap before GC invocations=37 (full 2):
 PSYoungGen      total 1958400K, used 1934033K [0x0000000615580000, 0x000000068f080000, 0x00000007c0000000)
  eden space 1932288K, 100% used [0x0000000615580000,0x000000068b480000,0x000000068b480000)
  from space 26112K, 6% used [0x000000068d700000,0x000000068d8b45f0,0x000000068f080000)
  to   space 30720K, 0% used [0x000000068b480000,0x000000068b480000,0x000000068d280000)
 ParOldGen       total 183808K, used 72504K [0x00000002c0000000, 0x00000002cb380000, 0x0000000615580000)
  object space 183808K, 39% used [0x00000002c0000000,0x00000002c46ce138,0x00000002cb380000)
 Metaspace       used 56572K, capacity 56962K, committed 57512K, reserved 1099776K
  class space    used 7967K, capacity 8105K, committed 8112K, reserved 1048576K
Event: 58.683 GC heap after
Heap after GC invocations=37 (full 2):
 PSYoungGen      total 1963008K, used 1716K [0x0000000615580000, 0x0000000691180000, 0x00000007c0000000)
  eden space 1932288K, 0% used [0x0000000615580000,0x0000000615580000,0x000000068b480000)
  from space 30720K, 5% used [0x000000068b480000,0x000000068b62d1b0,0x000000068d280000)
  to   space 29696K, 0% used [0x000000068f480000,0x000000068f480000,0x0000000691180000)
 ParOldGen       total 183808K, used 72528K [0x00000002c0000000, 0x00000002cb380000, 0x0000000615580000)
  object space 183808K, 39% used [0x00000002c0000000,0x00000002c46d4138,0x00000002cb380000)
 Metaspace       used 56572K, capacity 56962K, committed 57512K, reserved 1099776K
  class space    used 7967K, capacity 8105K, committed 8112K, reserved 1048576K
}

Deoptimization events (10 events):
Event: 59.615 Thread 0x000000004d39d800 Uncommon trap: reason=class_check action=maybe_recompile pc=0x000000000381f238 method=org.processmining.plugins.inductiveminer2.attributes.AttributeImpl.getLiteral(Lorg/deckfour/xes/model/XAttributable;)Ljava/lang/String; @ 66
Event: 59.621 Thread 0x000000004d39d800 Uncommon trap: reason=class_check action=maybe_recompile pc=0x000000000381f238 method=org.processmining.plugins.inductiveminer2.attributes.AttributeImpl.getLiteral(Lorg/deckfour/xes/model/XAttributable;)Ljava/lang/String; @ 66
Event: 59.629 Thread 0x000000004d39d800 Uncommon trap: reason=class_check action=maybe_recompile pc=0x000000000381f238 method=org.processmining.plugins.inductiveminer2.attributes.AttributeImpl.getLiteral(Lorg/deckfour/xes/model/XAttributable;)Ljava/lang/String; @ 66
Event: 59.641 Thread 0x000000004d39d800 Uncommon trap: reason=class_check action=maybe_recompile pc=0x00000000036ab32c method=org.processmining.plugins.inductiveminer2.attributes.AttributeUtils.parseDoubleFast(Lorg/deckfour/xes/model/XAttribute;)D @ 8
Event: 59.641 Thread 0x000000004d39d800 Uncommon trap: reason=class_check action=maybe_recompile pc=0x00000000036ab32c method=org.processmining.plugins.inductiveminer2.attributes.AttributeUtils.parseDoubleFast(Lorg/deckfour/xes/model/XAttribute;)D @ 8
Event: 59.641 Thread 0x000000004d39d800 Uncommon trap: reason=class_check action=maybe_recompile pc=0x00000000036ab32c method=org.processmining.plugins.inductiveminer2.attributes.AttributeUtils.parseDoubleFast(Lorg/deckfour/xes/model/XAttribute;)D @ 8
Event: 59.641 Thread 0x000000004d39d800 Uncommon trap: reason=class_check action=maybe_recompile pc=0x00000000036ab32c method=org.processmining.plugins.inductiveminer2.attributes.AttributeUtils.parseDoubleFast(Lorg/deckfour/xes/model/XAttribute;)D @ 8
Event: 59.647 Thread 0x000000004a12a000 Uncommon trap: reason=predicate action=maybe_recompile pc=0x0000000003967de4 method=org.mapdb.Serializer.valueArraySerialize(Ljava/io/DataOutput;Ljava/lang/Object;)V @ 26
Event: 59.664 Thread 0x000000004a12a000 Uncommon trap: reason=unstable_if action=reinterpret pc=0x0000000002b5c9f0 method=org.mapdb.StoreCached.longStackTake(JZ)J @ 78
Event: 59.677 Thread 0x000000004d39d800 Uncommon trap: reason=class_check action=maybe_recompile pc=0x00000000036b3ba4 method=org.processmining.plugins.inductiveminer2.attributes.AttributeUtils.parseDoubleFast(Lorg/deckfour/xes/model/XAttribute;)D @ 8

Classes redefined (0 events):
No events

Internal exceptions (10 events):
Event: 17.452 Thread 0x000000004d394800 Implicit null exception at 0x00000000036f1591 to 0x00000000036f1c08
Event: 17.452 Thread 0x000000004d394800 Implicit null exception at 0x00000000036e38cb to 0x00000000036e3b20
Event: 17.452 Thread 0x000000004d394800 Implicit null exception at 0x00000000036f76af to 0x00000000036f7900
Event: 17.837 Thread 0x000000004d3a1800 Implicit null exception at 0x00000000037a9f36 to 0x00000000037aa2ad
Event: 18.162 Thread 0x000000004d39d800 Implicit null exception at 0x00000000039177ef to 0x00000000039178f5
Event: 18.894 Thread 0x000000004380e000 Implicit null exception at 0x00000000038bd6a7 to 0x00000000038cd495
Event: 19.983 Thread 0x000000004d39d800 Implicit null exception at 0x0000000003a1a998 to 0x0000000003a1b56d
Event: 28.264 Thread 0x000000004a11f800 Implicit null exception at 0x0000000003da7cfd to 0x0000000003da963d
Event: 50.178 Thread 0x000000004d39d800 Implicit null exception at 0x00000000039e2da0 to 0x00000000039e3303
Event: 59.574 Thread 0x000000004a12a000 Implicit null exception at 0x00000000031a94b8 to 0x00000000031a95a1

Events (10 events):
Event: 59.692 Thread 0x000000004d39d800 DEOPT PACKING pc=0x0000000003de9529 sp=0x0000000057a6e320
Event: 59.692 Thread 0x000000004d39d800 DEOPT UNPACKING pc=0x0000000002707890 sp=0x0000000057a6dff0 mode 0
Event: 59.692 Thread 0x000000004d39d800 DEOPT PACKING pc=0x0000000003de9529 sp=0x0000000057a6e270
Event: 59.692 Thread 0x000000004d39d800 DEOPT UNPACKING pc=0x0000000002707890 sp=0x0000000057a6df40 mode 0
Event: 59.692 Thread 0x000000004d39d800 DEOPT PACKING pc=0x0000000003de9529 sp=0x0000000057a6e270
Event: 59.692 Thread 0x000000004d39d800 DEOPT UNPACKING pc=0x0000000002707890 sp=0x0000000057a6df40 mode 0
Event: 59.692 Executing VM operation: RevokeBias
Event: 59.692 Executing VM operation: RevokeBias done
Event: 59.693 Thread 0x000000004d39d800 DEOPT PACKING pc=0x0000000003de9529 sp=0x0000000057a6e2c0
Event: 59.693 Thread 0x000000004d39d800 DEOPT UNPACKING pc=0x0000000002707890 sp=0x0000000057a6df90 mode 0


Dynamic libraries:
0x00007ff772650000 - 0x00007ff772687000 	C:\Users\jonas\ProM 6.10\jre8\bin\javaw.exe
0x00007fff4dd50000 - 0x00007fff4df45000 	C:\Windows\SYSTEM32\ntdll.dll
0x00007fff4be30000 - 0x00007fff4beed000 	C:\Windows\System32\KERNEL32.DLL
0x00007fff4b800000 - 0x00007fff4bac8000 	C:\Windows\System32\KERNELBASE.dll
0x00007fff4d300000 - 0x00007fff4d3ac000 	C:\Windows\System32\ADVAPI32.dll
0x00007fff4c400000 - 0x00007fff4c49e000 	C:\Windows\System32\msvcrt.dll
0x00007fff4dbd0000 - 0x00007fff4dc6b000 	C:\Windows\System32\sechost.dll
0x00007fff4d1d0000 - 0x00007fff4d2fb000 	C:\Windows\System32\RPCRT4.dll
0x00007fff4d3b0000 - 0x00007fff4d550000 	C:\Windows\System32\USER32.dll
0x00007fff4bb00000 - 0x00007fff4bb22000 	C:\Windows\System32\win32u.dll
0x00007fff4ce00000 - 0x00007fff4ce2a000 	C:\Windows\System32\GDI32.dll
0x00007fff4b590000 - 0x00007fff4b69b000 	C:\Windows\System32\gdi32full.dll
0x00007fff4bc10000 - 0x00007fff4bcad000 	C:\Windows\System32\msvcp_win.dll
0x00007fff4bcb0000 - 0x00007fff4bdb0000 	C:\Windows\System32\ucrtbase.dll
0x00007fff380e0000 - 0x00007fff3837a000 	C:\Windows\WinSxS\amd64_microsoft.windows.common-controls_6595b64144ccf1df_6.0.19041.844_none_ca00b6081b84eb1d\COMCTL32.dll
0x00007fff4c3d0000 - 0x00007fff4c400000 	C:\Windows\System32\IMM32.DLL
0x0000000055a90000 - 0x0000000055b62000 	C:\Users\jonas\ProM 6.10\jre8\bin\msvcr100.dll
0x00000000551f0000 - 0x0000000055a8f000 	C:\Users\jonas\ProM 6.10\jre8\bin\server\jvm.dll
0x00007fff4dc70000 - 0x00007fff4dc78000 	C:\Windows\System32\PSAPI.DLL
0x00007fff30b30000 - 0x00007fff30b39000 	C:\Windows\SYSTEM32\WSOCK32.dll
0x00007fff37460000 - 0x00007fff37487000 	C:\Windows\SYSTEM32\WINMM.dll
0x00007fff39120000 - 0x00007fff3912a000 	C:\Windows\SYSTEM32\VERSION.dll
0x00007fff4c360000 - 0x00007fff4c3cb000 	C:\Windows\System32\WS2_32.dll
0x00000000551e0000 - 0x00000000551ef000 	C:\Users\jonas\ProM 6.10\jre8\bin\verify.dll
0x00000000551b0000 - 0x00000000551d9000 	C:\Users\jonas\ProM 6.10\jre8\bin\java.dll
0x0000000055190000 - 0x00000000551a6000 	C:\Users\jonas\ProM 6.10\jre8\bin\zip.dll
0x00007fff4c4b0000 - 0x00007fff4cbf2000 	C:\Windows\System32\SHELL32.dll
0x00007fff495e0000 - 0x00007fff49d70000 	C:\Windows\SYSTEM32\windows.storage.dll
0x00007fff4d760000 - 0x00007fff4dab5000 	C:\Windows\System32\combase.dll
0x00007fff4af00000 - 0x00007fff4af2c000 	C:\Windows\SYSTEM32\Wldp.dll
0x00007fff4dac0000 - 0x00007fff4db6e000 	C:\Windows\System32\SHCORE.dll
0x00007fff4db70000 - 0x00007fff4dbc5000 	C:\Windows\System32\shlwapi.dll
0x00007fff4b3d0000 - 0x00007fff4b3ef000 	C:\Windows\SYSTEM32\profapi.dll
0x0000000055170000 - 0x000000005518a000 	C:\Users\jonas\ProM 6.10\jre8\bin\net.dll
0x00007fff4ac00000 - 0x00007fff4ac6a000 	C:\Windows\system32\mswsock.dll
0x00007fff4a930000 - 0x00007fff4a9fc000 	C:\Windows\SYSTEM32\DNSAPI.dll
0x00007fff4a8f0000 - 0x00007fff4a92b000 	C:\Windows\SYSTEM32\IPHLPAPI.DLL
0x00007fff4c4a0000 - 0x00007fff4c4a8000 	C:\Windows\System32\NSI.dll
0x00007fff44360000 - 0x00007fff4436a000 	C:\Windows\System32\rasadhlp.dll
0x00007fff3ded0000 - 0x00007fff3df4f000 	C:\Windows\System32\fwpuclnt.dll
0x00007fff4bad0000 - 0x00007fff4baf7000 	C:\Windows\System32\bcrypt.dll
0x0000000054fd0000 - 0x0000000055168000 	C:\Users\jonas\ProM 6.10\jre8\bin\awt.dll
0x00007fff4cd30000 - 0x00007fff4cdfd000 	C:\Windows\System32\OLEAUT32.dll
0x00007fff48a20000 - 0x00007fff48ab0000 	C:\Windows\SYSTEM32\apphelp.dll
0x00007fff4ade0000 - 0x00007fff4adf8000 	C:\Windows\SYSTEM32\CRYPTSP.dll
0x00007fff4a5a0000 - 0x00007fff4a5d4000 	C:\Windows\system32\rsaenh.dll
0x00007fff4b390000 - 0x00007fff4b3be000 	C:\Windows\SYSTEM32\USERENV.dll
0x00007fff4bb90000 - 0x00007fff4bc10000 	C:\Windows\System32\bcryptprimitives.dll
0x00007fff4add0000 - 0x00007fff4addc000 	C:\Windows\SYSTEM32\CRYPTBASE.dll
0x00007fff44f20000 - 0x00007fff44f37000 	C:\Windows\SYSTEM32\dhcpcsvc6.DLL
0x00007fff44f00000 - 0x00007fff44f1d000 	C:\Windows\SYSTEM32\dhcpcsvc.DLL
0x0000000054fb0000 - 0x0000000054fc1000 	C:\Users\jonas\ProM 6.10\jre8\bin\nio.dll
0x00007fff48be0000 - 0x00007fff48c7e000 	C:\Windows\system32\uxtheme.dll
0x00007fff4d050000 - 0x00007fff4d165000 	C:\Windows\System32\MSCTF.dll
0x00007fff4ce30000 - 0x00007fff4cf5a000 	C:\Windows\System32\ole32.dll
0x00007fff49410000 - 0x00007fff49422000 	C:\Windows\SYSTEM32\kernel.appcore.dll
0x00007fff22470000 - 0x00007fff22596000 	C:\Windows\system32\opengl32.dll
0x00007fff220c0000 - 0x00007fff220ec000 	C:\Windows\SYSTEM32\GLU32.dll
0x00007fff49000000 - 0x00007fff4902f000 	C:\Windows\system32\DWMAPI.DLL
0x0000000054f70000 - 0x0000000054fa1000 	C:\Users\jonas\ProM 6.10\jre8\bin\jpeg.dll
0x00007fff4cc00000 - 0x00007fff4cca9000 	C:\Windows\System32\clbcatq.dll
0x00007ffec2870000 - 0x00007ffec3842000 	C:\Windows\System32\DriverStore\FileRepository\iigd_dch.inf_amd64_c0d80a866e0b1dc6\ig9icd64.dll
0x00007fff49dd0000 - 0x00007fff49ec4000 	C:\Windows\system32\dxgi.dll
0x00007fff3c3d0000 - 0x00007fff3c628000 	C:\Windows\System32\DriverStore\FileRepository\iigd_dch.inf_amd64_c0d80a866e0b1dc6\igdgmm64.dll
0x00007fff396f0000 - 0x00007fff3c3d0000 	C:\Windows\System32\DriverStore\FileRepository\iigd_dch.inf_amd64_c0d80a866e0b1dc6\igc64.dll
0x00007fff4aeb0000 - 0x00007fff4aefb000 	C:\Windows\SYSTEM32\powrprof.dll
0x00007fff4ae90000 - 0x00007fff4aea2000 	C:\Windows\SYSTEM32\UMPDC.dll
0x00007ffec2450000 - 0x00007ffec286a000 	C:\Windows\System32\DriverStore\FileRepository\iigd_dch.inf_amd64_c0d80a866e0b1dc6\igdml64.dll
0x0000000054f40000 - 0x0000000054f6a000 	C:\Users\jonas\ProM 6.10\jre8\bin\dcpr.dll
0x0000000054ef0000 - 0x0000000054f37000 	C:\Users\jonas\ProM 6.10\jre8\bin\fontmanager.dll
0x0000000054ea0000 - 0x0000000054ee2000 	C:\Users\jonas\ProM 6.10\jre8\bin\t2k.dll
0x0000000054e60000 - 0x0000000054e9e000 	C:\Users\jonas\ProM 6.10\jre8\bin\lcms.dll
0x00007fff267b0000 - 0x00007fff268a9000 	C:\Windows\SYSTEM32\textinputframework.dll
0x00007fff487f0000 - 0x00007fff488e2000 	C:\Windows\System32\CoreMessaging.dll
0x00007fff48490000 - 0x00007fff487ee000 	C:\Windows\System32\CoreUIComponents.dll
0x00007fff4a1d0000 - 0x00007fff4a203000 	C:\Windows\SYSTEM32\ntmarta.dll
0x00007fff47ce0000 - 0x00007fff47e34000 	C:\Windows\SYSTEM32\wintypes.dll
0x00007fff45180000 - 0x00007fff45334000 	C:\Windows\SYSTEM32\WindowsCodecs.dll
0x00007fff13470000 - 0x00007fff13520000 	C:\Windows\WinSxS\amd64_microsoft.windows.common-controls_6595b64144ccf1df_5.82.19041.844_none_423537bff6b9828c\comctl32.dll
0x00007fff4b540000 - 0x00007fff4b58e000 	C:\Windows\System32\CFGMGR32.dll
0x00007fff46d80000 - 0x00007fff46e77000 	C:\Windows\system32\propsys.dll
0x00007fff25110000 - 0x00007fff2512d000 	C:\Windows\SYSTEM32\MPR.dll
0x00007fff46940000 - 0x00007fff4694b000 	C:\Windows\System32\drprov.dll
0x00007fff4a3f0000 - 0x00007fff4a44a000 	C:\Windows\System32\WINSTA.dll
0x00007fff46920000 - 0x00007fff46938000 	C:\Windows\System32\ntlanman.dll
0x00007fff46900000 - 0x00007fff4691e000 	C:\Windows\System32\davclnt.dll
0x00007fff43350000 - 0x00007fff4335d000 	C:\Windows\System32\DAVHLPR.dll
0x00007fff4a6c0000 - 0x00007fff4a6d7000 	C:\Windows\System32\wkscli.dll
0x00007fff26560000 - 0x00007fff26572000 	C:\Windows\SYSTEM32\cscapi.dll
0x00007fff4aa00000 - 0x00007fff4aa0c000 	C:\Windows\System32\netutils.dll
0x00007fff36550000 - 0x00007fff36570000 	C:\Windows\System32\DevDispItemProvider.dll
0x00007fff1ac80000 - 0x00007fff1ac8d000 	C:\Windows\SYSTEM32\LINKINFO.dll
0x00000000637c0000 - 0x00000000637cd000 	C:\Users\jonas\AppData\Local\Temp\jogamp_0000\file_cache\jln7053481217056245067\jln6921811547096314220\natives\windows-amd64\gluegen-rt.dll
0x000000004f840000 - 0x000000004f847000 	C:\Users\jonas\ProM 6.10\jre8\bin\jawt.dll
0x000000006a440000 - 0x000000006a44d000 	C:\Users\jonas\AppData\Local\Temp\jogamp_0000\file_cache\jln7053481217056245067\jln6921811547096314220\natives\windows-amd64\nativewindow_awt.dll
0x000000006c100000 - 0x000000006c10f000 	C:\Users\jonas\AppData\Local\Temp\jogamp_0000\file_cache\jln7053481217056245067\jln6921811547096314220\natives\windows-amd64\nativewindow_win32.dll
0x0000000064500000 - 0x00000000645b1000 	C:\Users\jonas\AppData\Local\Temp\jogamp_0000\file_cache\jln7053481217056245067\jln6921811547096314220\natives\windows-amd64\jogl_desktop.dll
0x00007ffef68b0000 - 0x00007ffef6b1f000 	C:\Users\jonas\anaconda3\Library\bin\libGLESv2.dll
0x00007fff28b20000 - 0x00007fff28bbc000 	C:\Users\jonas\ProM 6.10\jre8\bin\MSVCP140.dll
0x00007ffeda430000 - 0x00007ffeda5fe000 	C:\Windows\SYSTEM32\d3d9.dll
0x00007fff468d0000 - 0x00007fff468e6000 	C:\Users\jonas\ProM 6.10\jre8\bin\VCRUNTIME140.dll
0x00007fff46830000 - 0x00007fff46838000 	C:\Users\jonas\anaconda3\Library\bin\libEGL.dll
0x0000000064340000 - 0x00000000643a2000 	C:\Users\jonas\AppData\Local\Temp\jogamp_0000\file_cache\jln7053481217056245067\jln6921811547096314220\natives\windows-amd64\jogl_mobile.dll
0x0000000180000000 - 0x000000018009e000 	C:\Users\jonas\.ProM\packages\lpsolve-5.5.4\lib\win64\lpsolve55.dll
0x0000000050460000 - 0x0000000050485000 	C:\Users\jonas\.ProM\packages\lpsolve-5.5.4\lib\win64\lpsolve55j.dll
0x00000000504d0000 - 0x00000000504eb000 	C:\Users\jonas\.ProM\packages\lpsolve-5.5.4\lib\win64\bfp_etaPFI.DLL
0x00007fff3dfb0000 - 0x00007fff3dfeb000 	C:\Windows\SYSTEM32\dxcore.dll

VM Arguments:
jvm_args: -ea -Xmx20G -Djava.library.path=.//lib -Dsun.java2d.opengl=true -Dfile.encoding=Cp1252 
java_command: org.processmining.contexts.uitopia.UI
java_class_path (initial): C:\Users\jonas\eclipse-workspace\InductiveVisualMiner\bin;C:\Users\jonas\.ivy2\cache\org.jblas\jblas\jars\jblas-1.2.4.jar;C:\Users\jonas\.ivy2\cache\net.sourceforge.jexcelapi\jxl\jars\jxl-2.6.jar;C:\Users\jonas\.ivy2\cache\prom\ProM-Plugins\jars\ProM-Plugins-latest.jar;C:\Users\jonas\.ivy2\cache\prom\ProM-Contexts\jars\ProM-Contexts-latest.jar;C:\Users\jonas\.ivy2\cache\prom-libs\guava\jars\guava-16.0.1.jar;C:\Users\jonas\.ivy2\cache\junit\junit\jars\junit-4.12.jar;C:\Users\jonas\.ivy2\cache\prom-libs\bsh\jars\bsh-2.0b4.jar;C:\Users\jonas\.ivy2\cache\prom-libs\Spex\jars\Spex-1.1.jar;C:\Users\jonas\.ivy2\cache\prom-libs\Uitopia\jars\Uitopia-0.6-20190913.jar;C:\Users\jonas\.ivy2\cache\prom-libs\UITopiaResources\jars\UITopiaResources-0.6-20190913.jar;C:\Users\jonas\.ivy2\cache\prom\ProM-Framework\jars\ProM-Framework-latest.jar;C:\Users\jonas\.ivy2\cache\org.apache.commons\commons-compress\jars\commons-compress-1.13.jar;C:\Users\jonas\.ivy2\cache\commons-logging\commons-logging\jars\commons-logging-1.1.3.jar;C:\Users\jonas\.ivy2\cache\prom-libs\jgraph\jars\jgraph-5.13.0.4.jar;C:\Users\jonas\.ivy2\cache\com.brsanthu\google-analytics-java\jars\google-analytics-java-1.1.2.jar;C:\Users\jonas\.ivy2\cache\org.apache.httpcomponents\httpclient\jars\httpclient-4.5.3.jar;C:\Users\jonas\.ivy2\cache\org.apache.httpcomponents\httpcore\jars\httpcore-4.4.6.jar;C:\Users\jonas\.ivy2\cache\org.apache.logging.log4j\log4j-api\jars\log4j-api-2.8.1.jar;C:\Users\jonas\.ivy2\cache\org.apache.logging.log4j\log4j-core\jars\log4j-core-2.8.1.jar;C:\Users\jonas\.ivy2\cache\org.apache.logging.log4j\log4j-slf4j-impl\jars\log4j-slf4j-impl-2.8.1.jar;C:\Users\jonas\.ivy2\cache\prom-libs\jargs\jars\jargs-latest.jar;C:\Users\jonas\.ivy2\cache\tablelayout\TableLayout\jars\TableLayout-20050920.jar;C:\Users\jonas\.ivy2\cache\org.slf4j\slf4j-api\jars\slf4j-api-1.7.25.jar;C:\Users\jonas\.ivy2\cache\prom-libs\slickerbox\jars\slickerbox-1.0rc1.jar;C:\Users\jonas\.ivy2\cache\prom\ProM
Launcher Type: SUN_STANDARD

Environment Variables:
PATH=C:/Users/jonas/.p2/pool/plugins/org.eclipse.justj.openjdk.hotspot.jre.full.win32.x86_64_14.0.2.v20200815-0932/jre/bin/server;C:/Users/jonas/.p2/pool/plugins/org.eclipse.justj.openjdk.hotspot.jre.full.win32.x86_64_14.0.2.v20200815-0932/jre/bin;C:\Program Files\AdoptOpenJDK\jdk-11.0.10.9-hotspot\bin;C:\Program Files (x86)\Common Files\Oracle\Java\javapath;C:\Program Files (x86)\VMware\VMware Player\bin\;C:\Windows\system32;C:\Windows;C:\Windows\System32\Wbem;C:\Windows\System32\WindowsPowerShell\v1.0\;C:\Windows\System32\OpenSSH\;C:\Users\jonas\AppData\Local\Programs\Python\Python39\;C:\Users\jonas\AppData\Local\Programs\Python\Python39\Scripts\;C:\Program Files\Git\cmd;C:\Program Files\PostgreSQL\13\bin;C:\Program Files\PuTTY\;C:\Program Files\TortoiseSVN\bin;C:\Program Files\Graphviz\bin;C:\Users\jonas\anaconda3;C:\Users\jonas\anaconda3\Library\mingw-w64\bin;C:\Users\jonas\anaconda3\Library\usr\bin;C:\Users\jonas\anaconda3\Library\bin;C:\Users\jonas\anaconda3\Scripts;C:\Users\jonas\AppData\Local\Microsoft\WindowsApps;C:\Program Files\JetBrains\PyCharm 2020.2.3\bin;;C:\Users\jonas\AppData\Local\Programs\Python\Python39\;C:\Users\jonas\AppData\Local\Programs\Python\Python39\Scripts\;C:\Program Files\PostgreSQL\13\bin;C:\Users\jonas\AppData\Local\Google\Cloud SDK\google-cloud-sdk\bin;C:\Users\jonas\AppData\Local\Programs\Microsoft VS Code\bin;C:\Windows\system32;
USERNAME=jonas
OS=Windows_NT
PROCESSOR_IDENTIFIER=Intel64 Family 6 Model 142 Stepping 12, GenuineIntel



---------------  S Y S T E M  ---------------

OS: Windows 10.0 , 64 bit Build 19041 (10.0.19041.928)

CPU:total 8 (initial active 8) (4 cores per cpu, 2 threads per core) family 6 model 142 stepping 12, cmov, cx8, fxsr, mmx, sse, sse2, sse3, ssse3, sse4.1, sse4.2, popcnt, avx, avx2, aes, clmul, erms, 3dnowpref, lzcnt, ht, tsc, tscinvbit, bmi1, bmi2, adx

Memory: 4k page, physical 16560184k(6939044k free), swap 41726008k(29101416k free)

vm_info: Java HotSpot(TM) 64-Bit Server VM (25.161-b12) for windows-amd64 JRE (1.8.0_161-b12), built on Dec 19 2017 17:52:25 by "java_re" with MS VC++ 10.0 (VS2010)

time: Thu May 27 10:37:08 2021
elapsed time: 59 seconds (0d 0h 0m 59s)

