#
# A fatal error has been detected by the Java Runtime Environment:
#
#  EXCEPTION_ACCESS_VIOLATION (0xc0000005) at pc=0x0000000004f1c377, pid=14868, tid=0x000000000000457c
#
# JRE version: Java(TM) SE Runtime Environment (8.0_161-b12) (build 1.8.0_161-b12)
# Java VM: Java HotSpot(TM) 64-Bit Server VM (25.161-b12 mixed mode windows-amd64 compressed oops)
# Problematic frame:
# J 9689 C2 org.mapdb.StoreDirect.indexValGet(J)J (46 bytes) @ 0x0000000004f1c377 [0x0000000004f1c140+0x237]
#
# Failed to write core dump. Minidumps are not enabled by default on client versions of Windows
#
# If you would like to submit a bug report, please visit:
#   http://bugreport.java.com/bugreport/crash.jsp
#

---------------  T H R E A D  ---------------

Current thread (0x0000000046ff8800):  JavaThread "pool-1-thread-4" [_thread_in_Java, id=17788, stack(0x00000000518e0000,0x00000000519e0000)]

siginfo: ExceptionCode=0xc0000005, reading address 0x0000000059565940

Registers:
RAX=0xac98ac98ac915940, RBX=0x0000000000000001, RCX=0x00000000c9a3b860, RDX=0x0000000000075358
RSP=0x00000000519de4c0, RBP=0x0000000000000000, RSI=0x0000000000015940, RDI=0x000000064d1dc278
R8 =0x000000064d1dc300, R9 =0x0000000000000000, R10=0x0000000000015940, R11=0x0000000059550000
R12=0x0000000000000000, R13=0x0000000004f2715c, R14=0x00000000519de450, R15=0x0000000046ff8800
RIP=0x0000000004f1c377, EFLAGS=0x0000000000010216

Top of Stack: (sp=0x00000000519de4c0)
0x00000000519de4c0:   00000000c9a3b670 0000000004ef9ca4
0x00000000519de4d0:   00040000001000a2 000000064d1db398
0x00000000519de4e0:   00000002c1d594d0 00000002c1e082a8
0x00000000519de4f0:   0000000638680640 00000002000000c1
0x00000000519de500:   00000000c9a3b670 0000000004efa86c
0x00000000519de510:   00000000519de588 000000000345835d
0x00000000519de520:   00000000583aa362 00000000044181e8
0x00000000519de530:   0000000638681468 0000000638680dc8
0x00000000519de540:   0000000638680dc8 00000000519de548
0x00000000519de550:   00000000583aa362 0000000004efebec
0x00000000519de560:   0000000058f973b0 000000064d245e78
0x00000000519de570:   0000000000001b1d 000000064d1db398
0x00000000519de580:   00000002c2bb0e38 000000000000000d
0x00000000519de590:   0000000004468664 0000000000000007
0x00000000519de5a0:   00000000c9a3b670 0000000004ef3894
0x00000000519de5b0:   0000000638680d00 0000000000001883 

Instructions: (pc=0x0000000004f1c377)
0x0000000004f1c357:   f6 00 00 00 41 8b 68 1c 41 2b ea 83 fd 08 0f 8c
0x0000000004f1c367:   8e 01 00 00 4d 8b 58 10 41 0f b6 68 2a 4d 63 d2
0x0000000004f1c377:   4b 8b 04 13 85 ed 0f 85 8e 01 00 00 48 0f c8 48
0x0000000004f1c387:   85 c0 0f 84 92 01 00 00 f3 4c 0f b8 d8 41 8b eb 


Register to memory mapping:

RAX=0xac98ac98ac915940 is an unknown value
RBX=0x0000000000000001 is an unknown value
RCX=0x00000000c9a3b860 is an unknown value
RDX=0x0000000000075358 is an unknown value
RSP=0x00000000519de4c0 is pointing into the stack for thread: 0x0000000046ff8800
RBP=0x0000000000000000 is an unknown value
RSI=0x0000000000015940 is an unknown value
RDI=0x000000064d1dc278 is an oop
org.mapdb.Volume$MappedFileVol 
 - klass: 'org/mapdb/Volume$MappedFileVol'
R8 =0x000000064d1dc300 is an oop
java.nio.DirectByteBuffer 
 - klass: 'java/nio/DirectByteBuffer'
R9 =0x0000000000000000 is an unknown value
R10=0x0000000000015940 is an unknown value
R11=0x0000000059550000 is pointing into the stack for thread: 0x0000000046fef000
R12=0x0000000000000000 is an unknown value
R13=0x0000000004f2715c is at entry_point+700 in (nmethod*)0x0000000004f26c90
R14=0x00000000519de450 is pointing into the stack for thread: 0x0000000046ff8800
R15=0x0000000046ff8800 is a thread


Stack: [0x00000000518e0000,0x00000000519e0000],  sp=0x00000000519de4c0,  free space=1017k
Native frames: (J=compiled Java code, j=interpreted, Vv=VM code, C=native code)


---------------  P R O C E S S  ---------------

Java Threads: ( => current thread )
  0x000000004cf5d000 JavaThread "pool-1-thread-15" [_thread_blocked, id=14224, stack(0x000000005ea70000,0x000000005eb70000)]
  0x000000004cf58800 JavaThread "pool-1-thread-14" [_thread_blocked, id=8832, stack(0x000000005e870000,0x000000005e970000)]
  0x000000004cf5f000 JavaThread "pool-1-thread-13" [_thread_blocked, id=13620, stack(0x000000005dad0000,0x000000005dbd0000)]
  0x000000004cf5a800 JavaThread "pool-1-thread-12" [_thread_blocked, id=12444, stack(0x000000005a250000,0x000000005a350000)]
  0x000000004cf5d800 JavaThread "pool-1-thread-11" [_thread_blocked, id=5560, stack(0x000000005a150000,0x000000005a250000)]
  0x000000004560e000 JavaThread "pool-1-thread-10" [_thread_blocked, id=7320, stack(0x000000005e670000,0x000000005e770000)]
  0x000000004560b000 JavaThread "pool-1-thread-9" [_thread_blocked, id=15584, stack(0x000000005e370000,0x000000005e470000)]
  0x000000004560d800 JavaThread "pool-1-thread-8" [_thread_blocked, id=13028, stack(0x000000005e0d0000,0x000000005e1d0000)]
  0x0000000045601800 JavaThread "pool-1-thread-7" [_thread_blocked, id=2792, stack(0x000000005a050000,0x000000005a150000)]
  0x0000000045604800 JavaThread "pool-1-thread-6" [_thread_blocked, id=6248, stack(0x0000000059f50000,0x000000005a050000)]
  0x0000000045602000 JavaThread "pool-1-thread-5" [_thread_blocked, id=1712, stack(0x0000000059e50000,0x0000000059f50000)]
=>0x0000000046ff8800 JavaThread "pool-1-thread-4" [_thread_in_Java, id=17788, stack(0x00000000518e0000,0x00000000519e0000)]
  0x0000000046ff9000 JavaThread "pool-1-thread-3" [_thread_blocked, id=4196, stack(0x00000000517e0000,0x00000000518e0000)]
  0x0000000046ff0000 JavaThread "pool-1-thread-2" [_thread_blocked, id=16868, stack(0x00000000516e0000,0x00000000517e0000)]
  0x0000000046ffe800 JavaThread "IvM chain thread" [_thread_blocked, id=7440, stack(0x00000000512e0000,0x00000000513e0000)]
  0x0000000046ff2000 JavaThread "IvM rendering thread" [_thread_blocked, id=3820, stack(0x00000000511e0000,0x00000000512e0000)]
  0x0000000046ff7800 JavaThread "SwingWorker-pool-5-thread-1" daemon [_thread_blocked, id=7896, stack(0x0000000058c50000,0x0000000058d50000)]
  0x0000000046fef000 JavaThread "XESLiteDB-0-Worker-Thread-3" daemon [_thread_blocked, id=14616, stack(0x0000000059450000,0x0000000059550000)]
  0x0000000046ff3000 JavaThread "XESLiteDB-0-Worker-Thread-2" daemon [_thread_blocked, id=15824, stack(0x0000000059350000,0x0000000059450000)]
  0x0000000046ff6000 JavaThread "XESLiteDB-0-Worker-Thread-1" daemon [_thread_blocked, id=6092, stack(0x0000000059250000,0x0000000059350000)]
  0x0000000046ff4800 JavaThread "XESLiteDB-0-Worker-Thread-0" daemon [_thread_blocked, id=3056, stack(0x0000000059150000,0x0000000059250000)]
  0x0000000046ff5000 JavaThread "pool-1-thread-1" [_thread_blocked, id=10696, stack(0x0000000058d50000,0x0000000058e50000)]
  0x0000000044574800 JavaThread "DestroyJavaVM" [_thread_blocked, id=2992, stack(0x00000000031c0000,0x00000000032c0000)]
  0x0000000044573000 JavaThread "Java2D Queue Flusher" daemon [_thread_blocked, id=2892, stack(0x000000004a6f0000,0x000000004a7f0000)]
  0x0000000044570800 JavaThread "TimerQueue" daemon [_thread_blocked, id=16776, stack(0x000000004a4f0000,0x000000004a5f0000)]
  0x0000000044572000 JavaThread "AWT-EventQueue-0" [_thread_blocked, id=6256, stack(0x00000000480f0000,0x00000000481f0000)]
  0x0000000044570000 JavaThread "AWT-Shutdown" [_thread_blocked, id=11760, stack(0x0000000047eb0000,0x0000000047fb0000)]
  0x00000000477ad000 JavaThread "Java2D Disposer" daemon [_thread_blocked, id=8668, stack(0x0000000047ff0000,0x00000000480f0000)]
  0x00000000445f2800 JavaThread "Service Thread" daemon [_thread_blocked, id=7716, stack(0x0000000045150000,0x0000000045250000)]
  0x0000000044573800 JavaThread "C1 CompilerThread3" daemon [_thread_in_native, id=17724, stack(0x0000000045050000,0x0000000045150000)]
  0x0000000044562800 JavaThread "C2 CompilerThread2" daemon [_thread_in_native, id=13684, stack(0x0000000044f50000,0x0000000045050000)]
  0x000000004455d800 JavaThread "C2 CompilerThread1" daemon [_thread_in_native, id=13676, stack(0x0000000044e50000,0x0000000044f50000)]
  0x0000000044559800 JavaThread "C2 CompilerThread0" daemon [_thread_in_vm, id=14564, stack(0x0000000044d50000,0x0000000044e50000)]
  0x0000000044555800 JavaThread "Attach Listener" daemon [_thread_blocked, id=2608, stack(0x0000000044c50000,0x0000000044d50000)]
  0x0000000044554800 JavaThread "Signal Dispatcher" daemon [_thread_blocked, id=12096, stack(0x0000000044b50000,0x0000000044c50000)]
  0x0000000044540800 JavaThread "Finalizer" daemon [_thread_blocked, id=11808, stack(0x0000000044920000,0x0000000044a20000)]
  0x000000004264f000 JavaThread "Reference Handler" daemon [_thread_blocked, id=3044, stack(0x0000000044420000,0x0000000044520000)]

Other Threads:
  0x0000000042648800 VMThread [stack: 0x0000000044320000,0x0000000044420000] [id=11272]
  0x0000000044656000 WatcherThread [stack: 0x0000000045250000,0x0000000045350000] [id=6884]

VM state:not at safepoint (normal execution)

VM Mutex/Monitor currently owned by a thread: None

Heap:
 PSYoungGen      total 944128K, used 618376K [0x0000000615580000, 0x000000065a080000, 0x00000007c0000000)
  eden space 913408K, 65% used [0x0000000615580000,0x0000000639d41878,0x000000064d180000)
  from space 30720K, 67% used [0x000000064d180000,0x000000064e5a0808,0x000000064ef80000)
  to   space 31232K, 0% used [0x0000000658200000,0x0000000658200000,0x000000065a080000)
 ParOldGen       total 177664K, used 55281K [0x00000002c0000000, 0x00000002cad80000, 0x0000000615580000)
  object space 177664K, 31% used [0x00000002c0000000,0x00000002c35fc488,0x00000002cad80000)
 Metaspace       used 56152K, capacity 56558K, committed 57048K, reserved 1097728K
  class space    used 7977K, capacity 8137K, committed 8192K, reserved 1048576K

Card table byte_map: [0x0000000012810000,0x0000000015020000] byte_map_base: 0x0000000011210000

Marking Bits: (ParMarkBitMap*) 0x0000000055a0f860
 Begin Bits: [0x00000000172d0000, 0x000000002b2d0000)
 End Bits:   [0x000000002b2d0000, 0x000000003f2d0000)

Polling page: 0x00000000032c0000

CodeCache: size=245760Kb used=27392Kb max_used=27404Kb free=218367Kb
 bounds [0x0000000003450000, 0x0000000004f50000, 0x0000000012450000]
 total_blobs=8728 nmethods=7623 adapters=1014
 compilation: enabled

Compilation events (10 events):
Event: 29.152 Thread 0x0000000044573800 9708       3       org.mapdb.BTreeMap$NodeSerializer::deserialize (7 bytes)
Event: 29.152 Thread 0x0000000044573800 nmethod 9708 0x0000000004f15c90 code [0x0000000004f15e00, 0x0000000004f16008]
Event: 29.152 Thread 0x0000000044573800 9709       3       org.mapdb.CompressLZF::expand (210 bytes)
Event: 29.153 Thread 0x0000000044573800 nmethod 9709 0x0000000004f25a90 code [0x0000000004f25ca0, 0x0000000004f267b8]
Event: 29.153 Thread 0x0000000044573800 9713       3       org.mapdb.Serializer::valueArrayDeserialize (32 bytes)
Event: 29.154 Thread 0x0000000044559800 nmethod 9701 0x0000000004f323d0 code [0x0000000004f32520, 0x0000000004f328d8]
Event: 29.154 Thread 0x0000000044559800 9711 %     4       org.mapdb.DataIO$DataInputByteArray::unpackLongArrayDeltaCompression @ 30 (84 bytes)
Event: 29.154 Thread 0x0000000044573800 nmethod 9713 0x0000000004f31bd0 code [0x0000000004f31d60, 0x0000000004f32228]
Event: 29.154 Thread 0x0000000044573800 9712       3       org.mapdb.Store::deserializeExtra (475 bytes)
Event: 29.156 Thread 0x0000000044573800 nmethod 9712 0x0000000004f32ad0 code [0x0000000004f330a0, 0x0000000004f37218]

GC Heap History (10 events):
Event: 6.445 GC heap before
{Heap before GC invocations=13 (full 2):
 PSYoungGen      total 673792K, used 12269K [0x0000000615580000, 0x0000000647100000, 0x00000007c0000000)
  eden space 661504K, 0% used [0x0000000615580000,0x0000000615580000,0x000000063db80000)
  from space 12288K, 99% used [0x000000063db80000,0x000000063e77b6b8,0x000000063e780000)
  to   space 13824K, 0% used [0x0000000646380000,0x0000000646380000,0x0000000647100000)
 ParOldGen       total 109568K, used 11031K [0x00000002c0000000, 0x00000002c6b00000, 0x0000000615580000)
  object space 109568K, 10% used [0x00000002c0000000,0x00000002c0ac5c90,0x00000002c6b00000)
 Metaspace       used 34917K, capacity 35198K, committed 35416K, reserved 1079296K
  class space    used 5674K, capacity 5756K, committed 5760K, reserved 1048576K
Event: 6.501 GC heap after
Heap after GC invocations=13 (full 2):
 PSYoungGen      total 673792K, used 0K [0x0000000615580000, 0x0000000647100000, 0x00000007c0000000)
  eden space 661504K, 0% used [0x0000000615580000,0x0000000615580000,0x000000063db80000)
  from space 12288K, 0% used [0x000000063db80000,0x000000063db80000,0x000000063e780000)
  to   space 13824K, 0% used [0x0000000646380000,0x0000000646380000,0x0000000647100000)
 ParOldGen       total 177664K, used 21699K [0x00000002c0000000, 0x00000002cad80000, 0x0000000615580000)
  object space 177664K, 12% used [0x00000002c0000000,0x00000002c1530db0,0x00000002cad80000)
 Metaspace       used 34917K, capacity 35198K, committed 35416K, reserved 1079296K
  class space    used 5674K, capacity 5756K, committed 5760K, reserved 1048576K
}
Event: 23.165 GC heap before
{Heap before GC invocations=14 (full 2):
 PSYoungGen      total 673792K, used 661504K [0x0000000615580000, 0x0000000647100000, 0x00000007c0000000)
  eden space 661504K, 100% used [0x0000000615580000,0x000000063db80000,0x000000063db80000)
  from space 12288K, 0% used [0x000000063db80000,0x000000063db80000,0x000000063e780000)
  to   space 13824K, 0% used [0x0000000646380000,0x0000000646380000,0x0000000647100000)
 ParOldGen       total 177664K, used 21700K [0x00000002c0000000, 0x00000002cad80000, 0x0000000615580000)
  object space 177664K, 12% used [0x00000002c0000000,0x00000002c1531390,0x00000002cad80000)
 Metaspace       used 53663K, capacity 54044K, committed 54488K, reserved 1095680K
  class space    used 7795K, capacity 7902K, committed 7936K, reserved 1048576K
Event: 23.182 GC heap after
Heap after GC invocations=14 (full 2):
 PSYoungGen      total 786944K, used 13807K [0x0000000615580000, 0x0000000649880000, 0x00000007c0000000)
  eden space 773120K, 0% used [0x0000000615580000,0x0000000615580000,0x0000000644880000)
  from space 13824K, 99% used [0x0000000646380000,0x00000006470fbed0,0x0000000647100000)
  to   space 27648K, 0% used [0x0000000644880000,0x0000000644880000,0x0000000646380000)
 ParOldGen       total 177664K, used 55255K [0x00000002c0000000, 0x00000002cad80000, 0x0000000615580000)
  object space 177664K, 31% used [0x00000002c0000000,0x00000002c35f5eb0,0x00000002cad80000)
 Metaspace       used 53663K, capacity 54044K, committed 54488K, reserved 1095680K
  class space    used 7795K, capacity 7902K, committed 7936K, reserved 1048576K
}
Event: 24.605 GC heap before
{Heap before GC invocations=15 (full 2):
 PSYoungGen      total 786944K, used 786927K [0x0000000615580000, 0x0000000649880000, 0x00000007c0000000)
  eden space 773120K, 100% used [0x0000000615580000,0x0000000644880000,0x0000000644880000)
  from space 13824K, 99% used [0x0000000646380000,0x00000006470fbed0,0x0000000647100000)
  to   space 27648K, 0% used [0x0000000644880000,0x0000000644880000,0x0000000646380000)
 ParOldGen       total 177664K, used 55257K [0x00000002c0000000, 0x00000002cad80000, 0x0000000615580000)
  object space 177664K, 31% used [0x00000002c0000000,0x00000002c35f6488,0x00000002cad80000)
 Metaspace       used 55572K, capacity 55958K, committed 56536K, reserved 1097728K
  class space    used 7962K, capacity 8069K, committed 8192K, reserved 1048576K
Event: 24.615 GC heap after
Heap after GC invocations=15 (full 2):
 PSYoungGen      total 800768K, used 21103K [0x0000000615580000, 0x0000000651580000, 0x00000007c0000000)
  eden space 773120K, 0% used [0x0000000615580000,0x0000000615580000,0x0000000644880000)
  from space 27648K, 76% used [0x0000000644880000,0x0000000645d1bc88,0x0000000646380000)
  to   space 29184K, 0% used [0x000000064f900000,0x000000064f900000,0x0000000651580000)
 ParOldGen       total 177664K, used 55265K [0x00000002c0000000, 0x00000002cad80000, 0x0000000615580000)
  object space 177664K, 31% used [0x00000002c0000000,0x00000002c35f8488,0x00000002cad80000)
 Metaspace       used 55572K, capacity 55958K, committed 56536K, reserved 1097728K
  class space    used 7962K, capacity 8069K, committed 8192K, reserved 1048576K
}
Event: 26.180 GC heap before
{Heap before GC invocations=16 (full 2):
 PSYoungGen      total 800768K, used 794223K [0x0000000615580000, 0x0000000651580000, 0x00000007c0000000)
  eden space 773120K, 100% used [0x0000000615580000,0x0000000644880000,0x0000000644880000)
  from space 27648K, 76% used [0x0000000644880000,0x0000000645d1bc88,0x0000000646380000)
  to   space 29184K, 0% used [0x000000064f900000,0x000000064f900000,0x0000000651580000)
 ParOldGen       total 177664K, used 55265K [0x00000002c0000000, 0x00000002cad80000, 0x0000000615580000)
  object space 177664K, 31% used [0x00000002c0000000,0x00000002c35f8488,0x00000002cad80000)
 Metaspace       used 55786K, capacity 56194K, committed 56792K, reserved 1097728K
  class space    used 7964K, capacity 8103K, committed 8192K, reserved 1048576K
Event: 26.189 GC heap after
Heap after GC invocations=16 (full 2):
 PSYoungGen      total 933376K, used 20593K [0x0000000615580000, 0x0000000650d80000, 0x00000007c0000000)
  eden space 912384K, 0% used [0x0000000615580000,0x0000000615580000,0x000000064d080000)
  from space 20992K, 98% used [0x000000064f900000,0x0000000650d1c518,0x0000000650d80000)
  to   space 30720K, 0% used [0x000000064d180000,0x000000064d180000,0x000000064ef80000)
 ParOldGen       total 177664K, used 55273K [0x00000002c0000000, 0x00000002cad80000, 0x0000000615580000)
  object space 177664K, 31% used [0x00000002c0000000,0x00000002c35fa488,0x00000002cad80000)
 Metaspace       used 55786K, capacity 56194K, committed 56792K, reserved 1097728K
  class space    used 7964K, capacity 8103K, committed 8192K, reserved 1048576K
}
Event: 28.027 GC heap before
{Heap before GC invocations=17 (full 2):
 PSYoungGen      total 933376K, used 932977K [0x0000000615580000, 0x0000000650d80000, 0x00000007c0000000)
  eden space 912384K, 100% used [0x0000000615580000,0x000000064d080000,0x000000064d080000)
  from space 20992K, 98% used [0x000000064f900000,0x0000000650d1c518,0x0000000650d80000)
  to   space 30720K, 0% used [0x000000064d180000,0x000000064d180000,0x000000064ef80000)
 ParOldGen       total 177664K, used 55273K [0x00000002c0000000, 0x00000002cad80000, 0x0000000615580000)
  object space 177664K, 31% used [0x00000002c0000000,0x00000002c35fa488,0x00000002cad80000)
 Metaspace       used 55949K, capacity 56334K, committed 56792K, reserved 1097728K
  class space    used 7965K, capacity 8105K, committed 8192K, reserved 1048576K
Event: 28.036 GC heap after
Heap after GC invocations=17 (full 2):
 PSYoungGen      total 944128K, used 20610K [0x0000000615580000, 0x000000065a080000, 0x00000007c0000000)
  eden space 913408K, 0% used [0x0000000615580000,0x0000000615580000,0x000000064d180000)
  from space 30720K, 67% used [0x000000064d180000,0x000000064e5a0808,0x000000064ef80000)
  to   space 31232K, 0% used [0x0000000658200000,0x0000000658200000,0x000000065a080000)
 ParOldGen       total 177664K, used 55281K [0x00000002c0000000, 0x00000002cad80000, 0x0000000615580000)
  object space 177664K, 31% used [0x00000002c0000000,0x00000002c35fc488,0x00000002cad80000)
 Metaspace       used 55949K, capacity 56334K, committed 56792K, reserved 1097728K
  class space    used 7965K, capacity 8105K, committed 8192K, reserved 1048576K
}

Deoptimization events (10 events):
Event: 29.091 Thread 0x0000000046ff8800 Uncommon trap: reason=class_check action=maybe_recompile pc=0x00000000045c5acc method=org.processmining.plugins.inductiveminer2.attributes.AttributeImpl.getLiteral(Lorg/deckfour/xes/model/XAttributable;)Ljava/lang/String; @ 66
Event: 29.108 Thread 0x0000000046ff8800 Uncommon trap: reason=class_check action=maybe_recompile pc=0x00000000045c5acc method=org.processmining.plugins.inductiveminer2.attributes.AttributeImpl.getLiteral(Lorg/deckfour/xes/model/XAttributable;)Ljava/lang/String; @ 66
Event: 29.108 Thread 0x0000000046ff8800 Uncommon trap: reason=class_check action=maybe_recompile pc=0x00000000045c5acc method=org.processmining.plugins.inductiveminer2.attributes.AttributeImpl.getLiteral(Lorg/deckfour/xes/model/XAttributable;)Ljava/lang/String; @ 66
Event: 29.124 Thread 0x000000004cf66800 Uncommon trap: reason=predicate action=maybe_recompile pc=0x0000000004efbda4 method=org.mapdb.Serializer.valueArraySerialize(Ljava/io/DataOutput;Ljava/lang/Object;)V @ 26
Event: 29.126 Thread 0x0000000046ff8800 Uncommon trap: reason=class_check action=maybe_recompile pc=0x0000000004356f58 method=org.processmining.plugins.inductiveminer2.attributes.AttributeUtils.parseDoubleFast(Lorg/deckfour/xes/model/XAttribute;)D @ 8
Event: 29.126 Thread 0x0000000046ff8800 Uncommon trap: reason=class_check action=maybe_recompile pc=0x0000000004356f58 method=org.processmining.plugins.inductiveminer2.attributes.AttributeUtils.parseDoubleFast(Lorg/deckfour/xes/model/XAttribute;)D @ 8
Event: 29.126 Thread 0x0000000046ff8800 Uncommon trap: reason=class_check action=maybe_recompile pc=0x0000000004356f58 method=org.processmining.plugins.inductiveminer2.attributes.AttributeUtils.parseDoubleFast(Lorg/deckfour/xes/model/XAttribute;)D @ 8
Event: 29.126 Thread 0x0000000046ff8800 Uncommon trap: reason=class_check action=maybe_recompile pc=0x0000000004356f58 method=org.processmining.plugins.inductiveminer2.attributes.AttributeUtils.parseDoubleFast(Lorg/deckfour/xes/model/XAttribute;)D @ 8
Event: 29.139 Thread 0x000000004cf66800 Uncommon trap: reason=unstable_if action=reinterpret pc=0x0000000004f01230 method=org.mapdb.StoreCached.longStackTake(JZ)J @ 78
Event: 29.151 Thread 0x0000000046ff8800 Uncommon trap: reason=class_check action=maybe_recompile pc=0x0000000004284f64 method=org.processmining.plugins.inductiveminer2.attributes.AttributeUtils.parseDoubleFast(Lorg/deckfour/xes/model/XAttribute;)D @ 8

Classes redefined (0 events):
No events

Internal exceptions (10 events):
Event: 13.326 Thread 0x0000000044572000 Implicit null exception at 0x000000000366c5f8 to 0x000000000366f1c1
Event: 21.305 Thread 0x0000000044572000 Implicit null exception at 0x00000000041db4ce to 0x00000000041efae6
Event: 21.789 Thread 0x0000000046ff5000 Implicit null exception at 0x00000000042b52d9 to 0x00000000042b5f6d
Event: 22.801 Thread 0x0000000046ff5000 Implicit null exception at 0x0000000003f6b2c4 to 0x0000000003f6b359
Event: 23.276 Thread 0x0000000044576000 Implicit null exception at 0x00000000045438b6 to 0x0000000004543bc9
Event: 23.596 Thread 0x0000000046ff8800 Implicit null exception at 0x0000000004479def to 0x0000000004479ef5
Event: 24.725 Thread 0x0000000044572000 Implicit null exception at 0x00000000046eaac4 to 0x00000000046fa695
Event: 26.259 Thread 0x000000004560d800 Implicit null exception at 0x0000000004aff375 to 0x0000000004affa31
Event: 26.259 Thread 0x000000004560d800 Implicit null exception at 0x0000000004b53fb6 to 0x0000000004b54200
Event: 29.046 Thread 0x000000004cf66800 Implicit null exception at 0x0000000003f5f238 to 0x0000000003f5f321

Events (10 events):
Event: 29.139 Thread 0x000000004cf66800 Uncommon trap: trap_request=0xffffff65 fr.pc=0x0000000004f01230
Event: 29.139 Thread 0x000000004cf66800 DEOPT PACKING pc=0x0000000004f01230 sp=0x000000005e66ec40
Event: 29.139 Thread 0x000000004cf66800 DEOPT UNPACKING pc=0x000000000349583b sp=0x000000005e66eb60 mode 2
Event: 29.149 Thread 0x000000004cf63800 Thread exited: 0x000000004cf63800
Event: 29.151 Thread 0x0000000046ff8800 Uncommon trap: trap_request=0xffffffde fr.pc=0x0000000004284f64
Event: 29.151 Thread 0x0000000046ff8800 DEOPT PACKING pc=0x0000000004284f64 sp=0x00000000519de770
Event: 29.151 Thread 0x0000000046ff8800 DEOPT UNPACKING pc=0x000000000349583b sp=0x00000000519de718 mode 2
Event: 29.156 Executing VM operation: RevokeBias
Event: 29.156 Executing VM operation: RevokeBias done
Event: 29.156 Thread 0x0000000044573800 flushing nmethod 0x000000000355d610


Dynamic libraries:
0x00007ff772650000 - 0x00007ff772687000 	C:\Users\jonas\ProM 6.10\jre8\bin\javaw.exe
0x00007fff4dd50000 - 0x00007fff4df45000 	C:\Windows\SYSTEM32\ntdll.dll
0x00007fff4be30000 - 0x00007fff4beed000 	C:\Windows\System32\KERNEL32.DLL
0x00007fff4b800000 - 0x00007fff4bac8000 	C:\Windows\System32\KERNELBASE.dll
0x00007fff4d300000 - 0x00007fff4d3ac000 	C:\Windows\System32\ADVAPI32.dll
0x00007fff4c400000 - 0x00007fff4c49e000 	C:\Windows\System32\msvcrt.dll
0x00007fff4dbd0000 - 0x00007fff4dc6b000 	C:\Windows\System32\sechost.dll
0x00007fff4d1d0000 - 0x00007fff4d2fb000 	C:\Windows\System32\RPCRT4.dll
0x00007fff4d3b0000 - 0x00007fff4d550000 	C:\Windows\System32\USER32.dll
0x00007fff4bb00000 - 0x00007fff4bb22000 	C:\Windows\System32\win32u.dll
0x00007fff4ce00000 - 0x00007fff4ce2a000 	C:\Windows\System32\GDI32.dll
0x00007fff4b590000 - 0x00007fff4b69b000 	C:\Windows\System32\gdi32full.dll
0x00007fff4bc10000 - 0x00007fff4bcad000 	C:\Windows\System32\msvcp_win.dll
0x00007fff4bcb0000 - 0x00007fff4bdb0000 	C:\Windows\System32\ucrtbase.dll
0x00007fff380e0000 - 0x00007fff3837a000 	C:\Windows\WinSxS\amd64_microsoft.windows.common-controls_6595b64144ccf1df_6.0.19041.844_none_ca00b6081b84eb1d\COMCTL32.dll
0x00007fff4c3d0000 - 0x00007fff4c400000 	C:\Windows\System32\IMM32.DLL
0x0000000055a90000 - 0x0000000055b62000 	C:\Users\jonas\ProM 6.10\jre8\bin\msvcr100.dll
0x00000000551f0000 - 0x0000000055a8f000 	C:\Users\jonas\ProM 6.10\jre8\bin\server\jvm.dll
0x00007fff4dc70000 - 0x00007fff4dc78000 	C:\Windows\System32\PSAPI.DLL
0x00007fff37460000 - 0x00007fff37487000 	C:\Windows\SYSTEM32\WINMM.dll
0x00007fff30b30000 - 0x00007fff30b39000 	C:\Windows\SYSTEM32\WSOCK32.dll
0x00007fff39120000 - 0x00007fff3912a000 	C:\Windows\SYSTEM32\VERSION.dll
0x00007fff4c360000 - 0x00007fff4c3cb000 	C:\Windows\System32\WS2_32.dll
0x00000000551e0000 - 0x00000000551ef000 	C:\Users\jonas\ProM 6.10\jre8\bin\verify.dll
0x00000000551b0000 - 0x00000000551d9000 	C:\Users\jonas\ProM 6.10\jre8\bin\java.dll
0x0000000055190000 - 0x00000000551a6000 	C:\Users\jonas\ProM 6.10\jre8\bin\zip.dll
0x00007fff4c4b0000 - 0x00007fff4cbf2000 	C:\Windows\System32\SHELL32.dll
0x00007fff495e0000 - 0x00007fff49d70000 	C:\Windows\SYSTEM32\windows.storage.dll
0x00007fff4d760000 - 0x00007fff4dab5000 	C:\Windows\System32\combase.dll
0x00007fff4af00000 - 0x00007fff4af2c000 	C:\Windows\SYSTEM32\Wldp.dll
0x00007fff4dac0000 - 0x00007fff4db6e000 	C:\Windows\System32\SHCORE.dll
0x00007fff4db70000 - 0x00007fff4dbc5000 	C:\Windows\System32\shlwapi.dll
0x00007fff4b3d0000 - 0x00007fff4b3ef000 	C:\Windows\SYSTEM32\profapi.dll
0x0000000055170000 - 0x000000005518a000 	C:\Users\jonas\ProM 6.10\jre8\bin\net.dll
0x00007fff4ac00000 - 0x00007fff4ac6a000 	C:\Windows\system32\mswsock.dll
0x00007fff4a930000 - 0x00007fff4a9fc000 	C:\Windows\SYSTEM32\DNSAPI.dll
0x00007fff4a8f0000 - 0x00007fff4a92b000 	C:\Windows\SYSTEM32\IPHLPAPI.DLL
0x00007fff4c4a0000 - 0x00007fff4c4a8000 	C:\Windows\System32\NSI.dll
0x00007fff44360000 - 0x00007fff4436a000 	C:\Windows\System32\rasadhlp.dll
0x00007fff3ded0000 - 0x00007fff3df4f000 	C:\Windows\System32\fwpuclnt.dll
0x00007fff4bad0000 - 0x00007fff4baf7000 	C:\Windows\System32\bcrypt.dll
0x0000000054fd0000 - 0x0000000055168000 	C:\Users\jonas\ProM 6.10\jre8\bin\awt.dll
0x00007fff4cd30000 - 0x00007fff4cdfd000 	C:\Windows\System32\OLEAUT32.dll
0x00007fff48a20000 - 0x00007fff48ab0000 	C:\Windows\SYSTEM32\apphelp.dll
0x00007fff4ade0000 - 0x00007fff4adf8000 	C:\Windows\SYSTEM32\CRYPTSP.dll
0x00007fff4a5a0000 - 0x00007fff4a5d4000 	C:\Windows\system32\rsaenh.dll
0x00007fff4b390000 - 0x00007fff4b3be000 	C:\Windows\SYSTEM32\USERENV.dll
0x00007fff4bb90000 - 0x00007fff4bc10000 	C:\Windows\System32\bcryptprimitives.dll
0x00007fff4add0000 - 0x00007fff4addc000 	C:\Windows\SYSTEM32\CRYPTBASE.dll
0x00007fff44f20000 - 0x00007fff44f37000 	C:\Windows\SYSTEM32\dhcpcsvc6.DLL
0x00007fff44f00000 - 0x00007fff44f1d000 	C:\Windows\SYSTEM32\dhcpcsvc.DLL
0x0000000054fb0000 - 0x0000000054fc1000 	C:\Users\jonas\ProM 6.10\jre8\bin\nio.dll
0x00007fff48be0000 - 0x00007fff48c7e000 	C:\Windows\system32\uxtheme.dll
0x00007fff4d050000 - 0x00007fff4d165000 	C:\Windows\System32\MSCTF.dll
0x00007fff4ce30000 - 0x00007fff4cf5a000 	C:\Windows\System32\ole32.dll
0x00007fff49410000 - 0x00007fff49422000 	C:\Windows\SYSTEM32\kernel.appcore.dll
0x00007fff22470000 - 0x00007fff22596000 	C:\Windows\system32\opengl32.dll
0x00007fff220c0000 - 0x00007fff220ec000 	C:\Windows\SYSTEM32\GLU32.dll
0x00007fff49000000 - 0x00007fff4902f000 	C:\Windows\system32\DWMAPI.DLL
0x0000000054f70000 - 0x0000000054fa1000 	C:\Users\jonas\ProM 6.10\jre8\bin\jpeg.dll
0x00007fff4cc00000 - 0x00007fff4cca9000 	C:\Windows\System32\clbcatq.dll
0x00007fff42800000 - 0x00007fff428f9000 	C:\Windows\System32\AppXDeploymentClient.dll
0x00007ffec2870000 - 0x00007ffec3842000 	C:\Windows\System32\DriverStore\FileRepository\iigd_dch.inf_amd64_c0d80a866e0b1dc6\ig9icd64.dll
0x00007fff49dd0000 - 0x00007fff49ec4000 	C:\Windows\system32\dxgi.dll
0x00007fff3c3d0000 - 0x00007fff3c628000 	C:\Windows\System32\DriverStore\FileRepository\iigd_dch.inf_amd64_c0d80a866e0b1dc6\igdgmm64.dll
0x00007fff396f0000 - 0x00007fff3c3d0000 	C:\Windows\System32\DriverStore\FileRepository\iigd_dch.inf_amd64_c0d80a866e0b1dc6\igc64.dll
0x00007fff4aeb0000 - 0x00007fff4aefb000 	C:\Windows\SYSTEM32\powrprof.dll
0x00007fff4ae90000 - 0x00007fff4aea2000 	C:\Windows\SYSTEM32\UMPDC.dll
0x00007ffec2450000 - 0x00007ffec286a000 	C:\Windows\System32\DriverStore\FileRepository\iigd_dch.inf_amd64_c0d80a866e0b1dc6\igdml64.dll
0x0000000054f40000 - 0x0000000054f6a000 	C:\Users\jonas\ProM 6.10\jre8\bin\dcpr.dll
0x0000000054ef0000 - 0x0000000054f37000 	C:\Users\jonas\ProM 6.10\jre8\bin\fontmanager.dll
0x0000000054ea0000 - 0x0000000054ee2000 	C:\Users\jonas\ProM 6.10\jre8\bin\t2k.dll
0x0000000054e60000 - 0x0000000054e9e000 	C:\Users\jonas\ProM 6.10\jre8\bin\lcms.dll
0x00007fff267b0000 - 0x00007fff268a9000 	C:\Windows\SYSTEM32\textinputframework.dll
0x00007fff48490000 - 0x00007fff487ee000 	C:\Windows\System32\CoreUIComponents.dll
0x00007fff487f0000 - 0x00007fff488e2000 	C:\Windows\System32\CoreMessaging.dll
0x00007fff4a1d0000 - 0x00007fff4a203000 	C:\Windows\SYSTEM32\ntmarta.dll
0x00007fff47ce0000 - 0x00007fff47e34000 	C:\Windows\SYSTEM32\wintypes.dll
0x00007fff45180000 - 0x00007fff45334000 	C:\Windows\SYSTEM32\WindowsCodecs.dll
0x00007fff1d780000 - 0x00007fff1d7be000 	C:\Windows\system32\dataexchange.dll
0x00007fff47050000 - 0x00007fff472b4000 	C:\Windows\system32\d3d11.dll
0x00007fff47f20000 - 0x00007fff48105000 	C:\Windows\system32\dcomp.dll
0x00007fff45420000 - 0x00007fff45621000 	C:\Windows\system32\twinapi.appcore.dll
0x00007fff13470000 - 0x00007fff13520000 	C:\Windows\WinSxS\amd64_microsoft.windows.common-controls_6595b64144ccf1df_5.82.19041.844_none_423537bff6b9828c\comctl32.dll
0x00007fff4b540000 - 0x00007fff4b58e000 	C:\Windows\System32\CFGMGR32.dll
0x00007fff46d80000 - 0x00007fff46e77000 	C:\Windows\system32\propsys.dll
0x00007fff0ec40000 - 0x00007fff0ec57000 	C:\Windows\system32\NetworkExplorer.dll
0x00007fff25110000 - 0x00007fff2512d000 	C:\Windows\SYSTEM32\MPR.dll
0x00007fff46940000 - 0x00007fff4694b000 	C:\Windows\System32\drprov.dll
0x00007fff4a3f0000 - 0x00007fff4a44a000 	C:\Windows\System32\WINSTA.dll
0x00007fff468d0000 - 0x00007fff468e8000 	C:\Windows\System32\ntlanman.dll
0x00007fff44dd0000 - 0x00007fff44dee000 	C:\Windows\System32\davclnt.dll
0x00007fff43350000 - 0x00007fff4335d000 	C:\Windows\System32\DAVHLPR.dll
0x00007fff4a6c0000 - 0x00007fff4a6d7000 	C:\Windows\System32\wkscli.dll
0x00007fff26560000 - 0x00007fff26572000 	C:\Windows\SYSTEM32\cscapi.dll
0x00007fff4aa00000 - 0x00007fff4aa0c000 	C:\Windows\System32\netutils.dll
0x00007fff28b50000 - 0x00007fff28ba8000 	C:\Windows\System32\dlnashext.dll
0x00007fff28ae0000 - 0x00007fff28b44000 	C:\Windows\System32\PlayToDevice.dll
0x00007fff36550000 - 0x00007fff36570000 	C:\Windows\System32\DevDispItemProvider.dll
0x00007fff443b0000 - 0x00007fff44435000 	C:\Windows\System32\MMDevApi.dll
0x00007fff4b240000 - 0x00007fff4b26c000 	C:\Windows\System32\DEVOBJ.dll
0x00007fff421e0000 - 0x00007fff42283000 	C:\Windows\System32\PortableDeviceApi.dll
0x00007fff4bef0000 - 0x00007fff4c359000 	C:\Windows\System32\SETUPAPI.dll
0x00007fff4bb30000 - 0x00007fff4bb90000 	C:\Windows\System32\WINTRUST.dll
0x00007fff4b6a0000 - 0x00007fff4b7ff000 	C:\Windows\System32\CRYPT32.dll
0x00007fff4b080000 - 0x00007fff4b092000 	C:\Windows\System32\MSASN1.dll
0x00007fff28460000 - 0x00007fff28486000 	C:\Windows\System32\EhStorAPI.dll
0x00007fff46ee0000 - 0x00007fff46ef4000 	C:\Windows\System32\WTSAPI32.dll
0x00007fff1ac80000 - 0x00007fff1ac8d000 	C:\Windows\SYSTEM32\LINKINFO.dll
0x00000000637c0000 - 0x00000000637cd000 	C:\Users\jonas\AppData\Local\Temp\jogamp_0000\file_cache\jln4724606597459184060\jln5414791675101507614\natives\windows-amd64\gluegen-rt.dll
0x0000000050ac0000 - 0x0000000050ac7000 	C:\Users\jonas\ProM 6.10\jre8\bin\jawt.dll
0x000000006a440000 - 0x000000006a44d000 	C:\Users\jonas\AppData\Local\Temp\jogamp_0000\file_cache\jln4724606597459184060\jln5414791675101507614\natives\windows-amd64\nativewindow_awt.dll
0x000000006c100000 - 0x000000006c10f000 	C:\Users\jonas\AppData\Local\Temp\jogamp_0000\file_cache\jln4724606597459184060\jln5414791675101507614\natives\windows-amd64\nativewindow_win32.dll
0x0000000064500000 - 0x00000000645b1000 	C:\Users\jonas\AppData\Local\Temp\jogamp_0000\file_cache\jln4724606597459184060\jln5414791675101507614\natives\windows-amd64\jogl_desktop.dll
0x00007ffef68b0000 - 0x00007ffef6b1f000 	C:\Users\jonas\anaconda3\Library\bin\libGLESv2.dll
0x00007ffeda430000 - 0x00007ffeda5fe000 	C:\Windows\SYSTEM32\d3d9.dll
0x00007fff28800000 - 0x00007fff28816000 	C:\Users\jonas\ProM 6.10\jre8\bin\VCRUNTIME140.dll
0x00007ffed2d20000 - 0x00007ffed2dbc000 	C:\Users\jonas\ProM 6.10\jre8\bin\MSVCP140.dll
0x00007fff46930000 - 0x00007fff46938000 	C:\Users\jonas\anaconda3\Library\bin\libEGL.dll
0x0000000064340000 - 0x00000000643a2000 	C:\Users\jonas\AppData\Local\Temp\jogamp_0000\file_cache\jln4724606597459184060\jln5414791675101507614\natives\windows-amd64\jogl_mobile.dll
0x0000000180000000 - 0x000000018009e000 	C:\Users\jonas\.ProM\packages\lpsolve-5.5.4\lib\win64\lpsolve55.dll
0x00000000519e0000 - 0x0000000051a05000 	C:\Users\jonas\.ProM\packages\lpsolve-5.5.4\lib\win64\lpsolve55j.dll
0x0000000059950000 - 0x000000005996b000 	C:\Users\jonas\.ProM\packages\lpsolve-5.5.4\lib\win64\bfp_etaPFI.DLL

VM Arguments:
jvm_args: -ea -Xmx20G -Djava.library.path=.//lib -Dsun.java2d.opengl=true -Dfile.encoding=Cp1252 
java_command: org.processmining.contexts.uitopia.UI
java_class_path (initial): C:\Users\jonas\eclipse-workspace\InductiveVisualMiner\bin;C:\Users\jonas\.ivy2\cache\org.jblas\jblas\jars\jblas-1.2.4.jar;C:\Users\jonas\.ivy2\cache\net.sourceforge.jexcelapi\jxl\jars\jxl-2.6.jar;C:\Users\jonas\.ivy2\cache\prom\ProM-Plugins\jars\ProM-Plugins-latest.jar;C:\Users\jonas\.ivy2\cache\prom\ProM-Contexts\jars\ProM-Contexts-latest.jar;C:\Users\jonas\.ivy2\cache\prom-libs\guava\jars\guava-16.0.1.jar;C:\Users\jonas\.ivy2\cache\junit\junit\jars\junit-4.12.jar;C:\Users\jonas\.ivy2\cache\prom-libs\bsh\jars\bsh-2.0b4.jar;C:\Users\jonas\.ivy2\cache\prom-libs\Spex\jars\Spex-1.1.jar;C:\Users\jonas\.ivy2\cache\prom-libs\Uitopia\jars\Uitopia-0.6-20190913.jar;C:\Users\jonas\.ivy2\cache\prom-libs\UITopiaResources\jars\UITopiaResources-0.6-20190913.jar;C:\Users\jonas\.ivy2\cache\prom\ProM-Framework\jars\ProM-Framework-latest.jar;C:\Users\jonas\.ivy2\cache\org.apache.commons\commons-compress\jars\commons-compress-1.13.jar;C:\Users\jonas\.ivy2\cache\commons-logging\commons-logging\jars\commons-logging-1.1.3.jar;C:\Users\jonas\.ivy2\cache\prom-libs\jgraph\jars\jgraph-5.13.0.4.jar;C:\Users\jonas\.ivy2\cache\com.brsanthu\google-analytics-java\jars\google-analytics-java-1.1.2.jar;C:\Users\jonas\.ivy2\cache\org.apache.httpcomponents\httpclient\jars\httpclient-4.5.3.jar;C:\Users\jonas\.ivy2\cache\org.apache.httpcomponents\httpcore\jars\httpcore-4.4.6.jar;C:\Users\jonas\.ivy2\cache\org.apache.logging.log4j\log4j-api\jars\log4j-api-2.8.1.jar;C:\Users\jonas\.ivy2\cache\org.apache.logging.log4j\log4j-core\jars\log4j-core-2.8.1.jar;C:\Users\jonas\.ivy2\cache\org.apache.logging.log4j\log4j-slf4j-impl\jars\log4j-slf4j-impl-2.8.1.jar;C:\Users\jonas\.ivy2\cache\prom-libs\jargs\jars\jargs-latest.jar;C:\Users\jonas\.ivy2\cache\tablelayout\TableLayout\jars\TableLayout-20050920.jar;C:\Users\jonas\.ivy2\cache\org.slf4j\slf4j-api\jars\slf4j-api-1.7.25.jar;C:\Users\jonas\.ivy2\cache\prom-libs\slickerbox\jars\slickerbox-1.0rc1.jar;C:\Users\jonas\.ivy2\cache\prom\ProM
Launcher Type: SUN_STANDARD

Environment Variables:
PATH=C:/Users/jonas/.p2/pool/plugins/org.eclipse.justj.openjdk.hotspot.jre.full.win32.x86_64_14.0.2.v20200815-0932/jre/bin/server;C:/Users/jonas/.p2/pool/plugins/org.eclipse.justj.openjdk.hotspot.jre.full.win32.x86_64_14.0.2.v20200815-0932/jre/bin;C:\Program Files\AdoptOpenJDK\jdk-11.0.10.9-hotspot\bin;C:\Program Files (x86)\Common Files\Oracle\Java\javapath;C:\Program Files (x86)\VMware\VMware Player\bin\;C:\Windows\system32;C:\Windows;C:\Windows\System32\Wbem;C:\Windows\System32\WindowsPowerShell\v1.0\;C:\Windows\System32\OpenSSH\;C:\Users\jonas\AppData\Local\Programs\Python\Python39\;C:\Users\jonas\AppData\Local\Programs\Python\Python39\Scripts\;C:\Program Files\Git\cmd;C:\Program Files\PostgreSQL\13\bin;C:\Program Files\PuTTY\;C:\Program Files\TortoiseSVN\bin;C:\Program Files\Graphviz\bin;C:\Users\jonas\anaconda3;C:\Users\jonas\anaconda3\Library\mingw-w64\bin;C:\Users\jonas\anaconda3\Library\usr\bin;C:\Users\jonas\anaconda3\Library\bin;C:\Users\jonas\anaconda3\Scripts;C:\Users\jonas\AppData\Local\Microsoft\WindowsApps;C:\Program Files\JetBrains\PyCharm 2020.2.3\bin;;C:\Users\jonas\AppData\Local\Programs\Python\Python39\;C:\Users\jonas\AppData\Local\Programs\Python\Python39\Scripts\;C:\Program Files\PostgreSQL\13\bin;C:\Users\jonas\AppData\Local\Google\Cloud SDK\google-cloud-sdk\bin;C:\Users\jonas\AppData\Local\Programs\Microsoft VS Code\bin;C:\Windows\system32;
USERNAME=jonas
OS=Windows_NT
PROCESSOR_IDENTIFIER=Intel64 Family 6 Model 142 Stepping 12, GenuineIntel



---------------  S Y S T E M  ---------------

OS: Windows 10.0 , 64 bit Build 19041 (10.0.19041.928)

CPU:total 8 (initial active 8) (4 cores per cpu, 2 threads per core) family 6 model 142 stepping 12, cmov, cx8, fxsr, mmx, sse, sse2, sse3, ssse3, sse4.1, sse4.2, popcnt, avx, avx2, aes, clmul, erms, 3dnowpref, lzcnt, ht, tsc, tscinvbit, bmi1, bmi2, adx

Memory: 4k page, physical 16560184k(7916176k free), swap 41726008k(30056220k free)

vm_info: Java HotSpot(TM) 64-Bit Server VM (25.161-b12) for windows-amd64 JRE (1.8.0_161-b12), built on Dec 19 2017 17:52:25 by "java_re" with MS VC++ 10.0 (VS2010)

time: Thu May 27 10:41:12 2021
elapsed time: 29 seconds (0d 0h 0m 29s)

